<?xml version="1.0" encoding="UTF-8"?>
<!-- Generated by org.testng.reporters.JUnitXMLReporter -->
<testsuite ignored="0" hostname="DESKTOP-VUPSQ68" failures="0" tests="11" name="Default test" time="39.251" errors="0" timestamp="04 Mar 2021 07:15:06 GMT">
  <testcase classname="requirement3.EMICalculator" name="createDriver" time="10.472"/>
  <testcase classname="requirement3.EMICalculator" name="getURL" time="6.176"/>
  <testcase classname="requirement3.EMICalculator" name="LoanCalculator" time="10.944"/>
  <testcase classname="requirement3.EMICalculator" name="ChangeOfScale" time="0.602"/>
  <testcase classname="requirement3.EMICalculator" name="Screenshot1" time="0.336"/>
  <testcase classname="requirement3.EMICalculator" name="LoanAmountCalculator" time="2.922"/>
  <testcase classname="requirement3.EMICalculator" name="ChangeOfScale2" time="1.237"/>
  <testcase classname="requirement3.EMICalculator" name="Screenshot2" time="0.526"/>
  <testcase classname="requirement3.EMICalculator" name="LoanTenureCalculator" time="2.792"/>
  <testcase classname="requirement3.EMICalculator" name="Screenshot3" time="0.448"/>
  <testcase classname="requirement3.EMICalculator" name="quitDriver" time="2.686"/>
</testsuite> <!-- Default test -->
