<?xml version="1.0" encoding="UTF-8"?>
<!-- Generated by org.testng.reporters.JUnitXMLReporter -->
<testsuite ignored="0" hostname="DESKTOP-VUPSQ68" failures="0" tests="5" name="CarLoan" time="20.157" errors="0" timestamp="04 Mar 2021 07:16:10 GMT">
  <testcase classname="requirement1.CarLoanCalculator" name="createWebDriver" time="8.22"/>
  <testcase classname="requirement1.CarLoanCalculator" name="navigateUrl" time="6.071"/>
  <testcase classname="requirement1.CarLoanCalculator" name="enterData" time="3.824"/>
  <testcase classname="requirement1.CarLoanCalculator" name="retriveOutput" time="0.154"/>
  <testcase classname="requirement1.CarLoanCalculator" name="closeDriver" time="1.839"/>
</testsuite> <!-- CarLoan -->
