<?xml version="1.0" encoding="UTF-8"?>
<!-- Generated by org.testng.reporters.JUnitXMLReporter -->
<testsuite ignored="0" hostname="DESKTOP-VUPSQ68" failures="0" tests="11" name="EMICalculatorPageValidation" time="43.874" errors="0" timestamp="04 Mar 2021 07:17:59 GMT">
  <testcase classname="requirement3.EMICalculator" name="createDriver" time="15.987"/>
  <testcase classname="requirement3.EMICalculator" name="getURL" time="7.467"/>
  <testcase classname="requirement3.EMICalculator" name="LoanCalculator" time="8.467"/>
  <testcase classname="requirement3.EMICalculator" name="ChangeOfScale" time="0.401"/>
  <testcase classname="requirement3.EMICalculator" name="Screenshot1" time="0.554"/>
  <testcase classname="requirement3.EMICalculator" name="LoanAmountCalculator" time="2.824"/>
  <testcase classname="requirement3.EMICalculator" name="ChangeOfScale2" time="0.912"/>
  <testcase classname="requirement3.EMICalculator" name="Screenshot2" time="0.385"/>
  <testcase classname="requirement3.EMICalculator" name="LoanTenureCalculator" time="2.642"/>
  <testcase classname="requirement3.EMICalculator" name="Screenshot3" time="0.215"/>
  <testcase classname="requirement3.EMICalculator" name="quitDriver" time="4.014"/>
</testsuite> <!-- EMICalculatorPageValidation -->
