<?xml version="1.0" encoding="UTF-8"?>
<!-- Generated by org.testng.reporters.JUnitXMLReporter -->
<testsuite ignored="0" hostname="DESKTOP-VUPSQ68" failures="0" tests="7" name="HomeLoanEmi" time="65.923" errors="0" timestamp="04 Mar 2021 07:17:16 GMT">
  <testcase classname="requirement2.WebPageDriver" name="createWebDriver" time="8.611"/>
  <testcase classname="requirement2.WebPageDriver" name="navigateUrl" time="5.884"/>
  <testcase classname="requirement2.WebPageDriver" name="navigateToHomeLoanPage" time="0.718"/>
  <testcase classname="requirement2.WebPageDriver" name="readExcelSheet" time="7.028"/>
  <testcase classname="requirement2.WebPageDriver" name="insertValueToWebsite" time="16.445"/>
  <testcase classname="requirement2.WebPageDriver" name="writeExcel" time="21.544"/>
  <testcase classname="requirement2.WebPageDriver" name="closeDriver" time="5.692"/>
</testsuite> <!-- HomeLoanEmi -->
