<?xml version="1.0" encoding="UTF-8"?>
<testsuite xmlns:xsi="http://www.w3.org/2001/XMLSchema-instance" xsi:noNamespaceSchemaLocation="https://maven.apache.org/surefire/maven-surefire-plugin/xsd/surefire-test-report-3.0.xsd" version="3.0" name="TestSuite" time="132.302" tests="23" errors="0" skipped="0" failures="0">
  <properties>
[...]
</properties>
  <testcase name="createWebDriver" classname="requirement1.CarLoanCalculator" time="8.238">
    <system-out><![CDATA[[TestNGContentHandler] [WARN] It is strongly recommended to add "<!DOCTYPE suite SYSTEM "http://testng.org/testng-1.0.dtd" >" at the top of your file, otherwise TestNG may fail or not work as expected.
]]></system-out>
    <system-err><![CDATA[Mar 04, 2021 12:45:50 PM org.openqa.selenium.remote.DesiredCapabilities firefox
INFO: Using `new FirefoxOptions()` is preferred to `DesiredCapabilities.firefox()`
Mar 04, 2021 12:45:58 PM org.openqa.selenium.remote.ProtocolHandshake createSession
INFO: Detected dialect: W3C
]]></system-err>
  </testcase>
  <testcase name="navigateUrl" classname="requirement1.CarLoanCalculator" time="6.054"/>
  <testcase name="enterData" classname="requirement1.CarLoanCalculator" time="3.823"/>
  <testcase name="retriveOutput" classname="requirement1.CarLoanCalculator" time="0.161">
    <system-out><![CDATA[------Requirement 1------
Interest amount is : 78,303
Monthly EMI amount : 1,31,525




]]></system-out>
  </testcase>
  <testcase name="closeDriver" classname="requirement1.CarLoanCalculator" time="1.832"/>
  <testcase name="createWebDriver" classname="requirement2.WebPageDriver" time="8.637">
    <system-err><![CDATA[Mar 04, 2021 12:46:10 PM org.openqa.selenium.remote.DesiredCapabilities firefox
INFO: Using `new FirefoxOptions()` is preferred to `DesiredCapabilities.firefox()`
Mar 04, 2021 12:46:18 PM org.openqa.selenium.remote.ProtocolHandshake createSession
INFO: Detected dialect: W3C
]]></system-err>
  </testcase>
  <testcase name="navigateUrl" classname="requirement2.WebPageDriver" time="5.859"/>
  <testcase name="navigateToHomeLoanPage" classname="requirement2.WebPageDriver" time="0.716"/>
  <testcase name="readExcelSheet" classname="requirement2.WebPageDriver" time="7.027"/>
  <testcase name="insertValueToWebsite" classname="requirement2.WebPageDriver" time="16.445"/>
  <testcase name="writeExcel" classname="requirement2.WebPageDriver" time="21.544">
    <system-out><![CDATA[----Requirement 2-----
Executed
Check Excel sheet for Output
 path= .\src\test\resources\output.xlsx




]]></system-out>
  </testcase>
  <testcase name="closeDriver" classname="requirement2.WebPageDriver" time="5.692"/>
  <testcase name="createDriver" classname="requirement3.EMICalculator" time="16.06">
    <system-err><![CDATA[Mar 04, 2021 12:47:16 PM org.openqa.selenium.remote.DesiredCapabilities firefox
INFO: Using `new FirefoxOptions()` is preferred to `DesiredCapabilities.firefox()`
Mar 04, 2021 12:47:31 PM org.openqa.selenium.remote.ProtocolHandshake createSession
INFO: Detected dialect: W3C
]]></system-err>
  </testcase>
  <testcase name="getURL" classname="requirement3.EMICalculator" time="7.397">
    <system-out><![CDATA[-----Requirement 3-----
]]></system-out>
  </testcase>
  <testcase name="LoanCalculator" classname="requirement3.EMICalculator" time="8.465"/>
  <testcase name="ChangeOfScale" classname="requirement3.EMICalculator" time="0.401"/>
  <testcase name="Screenshot1" classname="requirement3.EMICalculator" time="0.565">
    <system-out><![CDATA[Screenshot 1 is captured and stored
]]></system-out>
  </testcase>
  <testcase name="LoanAmountCalculator" classname="requirement3.EMICalculator" time="2.813"/>
  <testcase name="ChangeOfScale2" classname="requirement3.EMICalculator" time="0.912"/>
  <testcase name="Screenshot2" classname="requirement3.EMICalculator" time="0.396">
    <system-out><![CDATA[Screenshot 2 is captured and stored
]]></system-out>
  </testcase>
  <testcase name="LoanTenureCalculator" classname="requirement3.EMICalculator" time="2.631"/>
  <testcase name="Screenshot3" classname="requirement3.EMICalculator" time="0.205">
    <system-out><![CDATA[Screenshot 3 is captured and stored
]]></system-out>
  </testcase>
  <testcase name="quitDriver" classname="requirement3.EMICalculator" time="4.014">
    <system-out><![CDATA[Execution completed

Check screenshots in folder to varify results
path= .\src\test\resources\com\screenshots 


]]></system-out>
  </testcase>
</testsuite>