<?xml version="1.0" encoding="UTF-8"?>
<testng-results ignored="0" total="11" passed="11" failed="0" skipped="0">
  <reporter-output>
  </reporter-output>
  <suite started-at="2021-03-04T07:14:27Z" name="Default suite" finished-at="2021-03-04T07:15:06Z" duration-ms="39251">
    <groups>
    </groups>
    <test started-at="2021-03-04T07:14:27Z" name="Default test" finished-at="2021-03-04T07:15:06Z" duration-ms="39251">
      <class name="requirement3.EMICalculator">
        <test-method signature="createDriver()[pri:1, instance:requirement3.EMICalculator@55cf0d14]" started-at="2021-03-04T07:14:27Z" name="createDriver" finished-at="2021-03-04T07:14:38Z" duration-ms="10472" status="PASS">
          <reporter-output>
          </reporter-output>
        </test-method> <!-- createDriver -->
        <test-method signature="getURL()[pri:2, instance:requirement3.EMICalculator@55cf0d14]" started-at="2021-03-04T07:14:38Z" name="getURL" finished-at="2021-03-04T07:14:44Z" duration-ms="6176" status="PASS">
          <reporter-output>
          </reporter-output>
        </test-method> <!-- getURL -->
        <test-method signature="LoanCalculator()[pri:3, instance:requirement3.EMICalculator@55cf0d14]" started-at="2021-03-04T07:14:44Z" name="LoanCalculator" finished-at="2021-03-04T07:14:55Z" duration-ms="10944" status="PASS">
          <reporter-output>
          </reporter-output>
        </test-method> <!-- LoanCalculator -->
        <test-method signature="ChangeOfScale()[pri:4, instance:requirement3.EMICalculator@55cf0d14]" started-at="2021-03-04T07:14:55Z" name="ChangeOfScale" finished-at="2021-03-04T07:14:55Z" duration-ms="602" status="PASS">
          <reporter-output>
          </reporter-output>
        </test-method> <!-- ChangeOfScale -->
        <test-method signature="Screenshot1()[pri:5, instance:requirement3.EMICalculator@55cf0d14]" started-at="2021-03-04T07:14:55Z" name="Screenshot1" finished-at="2021-03-04T07:14:56Z" duration-ms="336" status="PASS">
          <reporter-output>
          </reporter-output>
        </test-method> <!-- Screenshot1 -->
        <test-method signature="LoanAmountCalculator()[pri:6, instance:requirement3.EMICalculator@55cf0d14]" started-at="2021-03-04T07:14:56Z" name="LoanAmountCalculator" finished-at="2021-03-04T07:14:59Z" duration-ms="2922" status="PASS">
          <reporter-output>
          </reporter-output>
        </test-method> <!-- LoanAmountCalculator -->
        <test-method signature="ChangeOfScale2()[pri:7, instance:requirement3.EMICalculator@55cf0d14]" started-at="2021-03-04T07:14:59Z" name="ChangeOfScale2" finished-at="2021-03-04T07:15:00Z" duration-ms="1237" status="PASS">
          <reporter-output>
          </reporter-output>
        </test-method> <!-- ChangeOfScale2 -->
        <test-method signature="Screenshot2()[pri:7, instance:requirement3.EMICalculator@55cf0d14]" started-at="2021-03-04T07:15:00Z" name="Screenshot2" finished-at="2021-03-04T07:15:00Z" duration-ms="526" status="PASS">
          <reporter-output>
          </reporter-output>
        </test-method> <!-- Screenshot2 -->
        <test-method signature="LoanTenureCalculator()[pri:8, instance:requirement3.EMICalculator@55cf0d14]" started-at="2021-03-04T07:15:00Z" name="LoanTenureCalculator" finished-at="2021-03-04T07:15:03Z" duration-ms="2792" status="PASS">
          <reporter-output>
          </reporter-output>
        </test-method> <!-- LoanTenureCalculator -->
        <test-method signature="Screenshot3()[pri:9, instance:requirement3.EMICalculator@55cf0d14]" started-at="2021-03-04T07:15:03Z" name="Screenshot3" finished-at="2021-03-04T07:15:04Z" duration-ms="448" status="PASS">
          <reporter-output>
          </reporter-output>
        </test-method> <!-- Screenshot3 -->
        <test-method signature="quitDriver()[pri:10, instance:requirement3.EMICalculator@55cf0d14]" started-at="2021-03-04T07:15:04Z" name="quitDriver" finished-at="2021-03-04T07:15:06Z" duration-ms="2686" status="PASS">
          <reporter-output>
          </reporter-output>
        </test-method> <!-- quitDriver -->
      </class> <!-- requirement3.EMICalculator -->
    </test> <!-- Default test -->
  </suite> <!-- Default suite -->
</testng-results>
